{
  "RSpec": {
    "coverage": {
      "/Users/georgelamprakis/makers_challenges/week_2/oyster-card/spec/oystercard_spec.rb": [
        1,
        null,
        1,
        null,
        9,
        6,
        4,
        1,
        null,
        4,
        5,
        2,
        null,
        1,
        1,
        1,
        null,
        null,
        null,
        1,
        1,
        4,
        null,
        1,
        2,
        null,
        null,
        null,
        null,
        1,
        null,
        1,
        3,
        null,
        null,
        1,
        1,
        1,
        1,
        null,
        null,
        1,
        91,
        2,
        null,
        null,
        null,
        1,
        1,
        1,
        null,
        null,
        null,
        null,
        1,
        null,
        1,
        2,
        2,
        null,
        1,
        4,
        null,
        1,
        4,
        null,
        null,
        null,
        1,
        null,
        1,
        null,
        1,
        null,
        0,
        0,
        0,
        0,
        null,
        null,
        null,
        null
      ],
      "/Users/georgelamprakis/makers_challenges/week_2/oyster-card/lib/oystercard.rb": [
        1,
        1,
        1,
        null,
        1,
        1,
        1,
        null,
        1,
        8,
        8,
        null,
        null,
        1,
        7,
        6,
        null,
        null,
        1,
        5,
        4,
        4,
        4,
        null,
        null,
        null,
        1,
        92,
        92,
        92,
        null,
        null,
        1,
        null,
        1,
        null,
        1,
        92,
        null,
        null,
        1,
        4,
        null,
        null,
        null
      ],
      "/Users/georgelamprakis/makers_challenges/week_2/oyster-card/lib/journey.rb": [
        1,
        null,
        1,
        3,
        null,
        null,
        1,
        0,
        null,
        null,
        1,
        0,
        null,
        null,
        1,
        null,
        1,
        null,
        null
      ]
    },
    "timestamp": 1507220731
  }
}
