{
  "RSpec": {
    "coverage": {
      "/Users/georgelamprakis/makers_challenges/week_2/oyster-card/spec/journey_spec.rb": [
        1,
        null,
        1,
        null,
        4,
        1,
        3,
        null,
        1,
        null,
        1,
        1,
        null,
        null,
        null,
        null,
        1,
        null,
        1,
        1,
        1,
        null,
        null,
        null,
        null,
        1,
        null,
        1,
        1,
        1,
        1,
        null,
        null,
        null,
        null,
        null,
        null
      ],
      "/Users/georgelamprakis/makers_challenges/week_2/oyster-card/lib/journey.rb": [
        1,
        null,
        1,
        2,
        null,
        null,
        1,
        1,
        null,
        null,
        1,
        3,
        null,
        null,
        1,
        null,
        1,
        null,
        null
      ]
    },
    "timestamp": 1507216238
  }
}
